<?xml version="1.0" encoding="UTF-8"?>
<!-- Generated by org.testng.reporters.JUnitReportReporter -->
<testsuite hostname="DESKTOP-7MUP6DN" failures="0" tests="2" name="com.bd.project1.DropDownExample" time="3.871" errors="0" timestamp="2022-12-29T18:43:20 BDT" skipped="0">
  <testcase classname="com.bd.project1.DropDownExample" name="openUrl" time="0.714"/>
  <system-out/>
  <testcase classname="com.bd.project1.DropDownExample" name="dropDown" time="3.157"/>
  <system-out/>
</testsuite> <!-- com.bd.project1.DropDownExample -->
