<?xml version="1.0" encoding="UTF-8"?>
<!-- Generated by org.testng.reporters.JUnitReportReporter -->
<testsuite hostname="DESKTOP-7MUP6DN" failures="0" tests="1" name="com.bd.project1.ScrollAndJs" time="11.228" errors="0" timestamp="2023-01-10T09:19:06 BDT" skipped="0">
  <testcase classname="com.bd.project1.ScrollAndJs" name="ScrollJs" time="11.228"/>
  <system-out/>
</testsuite> <!-- com.bd.project1.ScrollAndJs -->
