<?xml version="1.0" encoding="UTF-8"?>
<!-- Generated by org.testng.reporters.JUnitReportReporter -->
<testsuite hostname="DESKTOP-7MUP6DN" failures="0" tests="2" name="com.bd.project1.AlertsHandle" time="23.443" errors="0" timestamp="2022-12-29T11:52:49 BDT" skipped="0">
  <testcase classname="com.bd.project1.AlertsHandle" name="openUrl" time="7.133"/>
  <system-out/>
  <testcase classname="com.bd.project1.AlertsHandle" name="alertwork" time="16.310"/>
  <system-out/>
</testsuite> <!-- com.bd.project1.AlertsHandle -->
