<?xml version="1.0" encoding="UTF-8"?>
<!-- Generated by org.testng.reporters.JUnitReportReporter -->
<testsuite hostname="DESKTOP-7MUP6DN" failures="0" tests="2" name="com.bd.project1.KeyboardTest" time="12.325" errors="0" timestamp="2022-12-14T18:22:12 BDT" skipped="0">
  <testcase classname="com.bd.project1.KeyboardTest" name="startWeb" time="4.850"/>
  <system-out/>
  <testcase classname="com.bd.project1.KeyboardTest" name="copyPaste" time="7.475"/>
  <system-out/>
</testsuite> <!-- com.bd.project1.KeyboardTest -->
