<?xml version="1.0" encoding="UTF-8"?>
<!-- Generated by org.testng.reporters.JUnitReportReporter -->
<testsuite hostname="DESKTOP-7MUP6DN" failures="0" tests="1" name="com.bd.project1.windowHandle" time="19.028" errors="0" timestamp="2023-01-02T18:23:12 BDT" skipped="0">
  <testcase classname="com.bd.project1.windowHandle" name="handleWindow" time="19.028"/>
  <system-out/>
</testsuite> <!-- com.bd.project1.windowHandle -->
