<?xml version="1.0" encoding="UTF-8"?>
<!-- Generated by org.testng.reporters.JUnitReportReporter -->
<testsuite hostname="DESKTOP-7MUP6DN" failures="0" tests="1" name="com.bd.project1.UsingMethod" time="22.346" errors="0" timestamp="2022-12-29T16:42:32 BDT" skipped="0">
  <testcase classname="com.bd.project1.UsingMethod" name="openUrl" time="22.346"/>
  <system-out/>
</testsuite> <!-- com.bd.project1.UsingMethod -->
