<?xml version="1.0" encoding="UTF-8"?>
<!-- Generated by org.testng.reporters.JUnitReportReporter -->
<testsuite hostname="DESKTOP-7MUP6DN" failures="0" tests="1" name="com.bd.project1.TestNgExample" time="0.014" errors="0" timestamp="2022-12-14T08:39:37 BDT" skipped="0">
  <testcase classname="com.bd.project1.TestNgExample" name="testSuit" time="0.014"/>
  <system-out/>
</testsuite> <!-- com.bd.project1.TestNgExample -->
