<?xml version="1.0" encoding="UTF-8"?>
<!-- Generated by org.testng.reporters.JUnitReportReporter -->
<testsuite hostname="DESKTOP-7MUP6DN" failures="0" tests="2" name="com.bd.project1.HoverExample" time="23.412" errors="0" timestamp="2022-12-14T17:50:37 BDT" skipped="0">
  <testcase classname="com.bd.project1.HoverExample" name="startUrl" time="8.086"/>
  <system-out/>
  <testcase classname="com.bd.project1.HoverExample" name="hoverTest" time="15.326"/>
  <system-out/>
</testsuite> <!-- com.bd.project1.HoverExample -->
