<?xml version="1.0" encoding="UTF-8"?>
<!-- Generated by org.testng.reporters.JUnitReportReporter -->
<testsuite hostname="DESKTOP-7MUP6DN" failures="0" tests="2" name="com.bd.project1.ForExample" time="19.928" errors="0" timestamp="2022-12-15T18:09:17 BDT" skipped="0">
  <testcase classname="com.bd.project1.ForExample" name="startWeb" time="6.026"/>
  <system-out/>
  <testcase classname="com.bd.project1.ForExample" name="testform" time="13.902"/>
  <system-out/>
</testsuite> <!-- com.bd.project1.ForExample -->
