<?xml version="1.0" encoding="UTF-8"?>
<!-- Generated by org.testng.reporters.JUnitReportReporter -->
<testsuite hostname="DESKTOP-7MUP6DN" failures="0" tests="1" name="com.bd.project1.WaitSelenium" time="17.512" errors="0" timestamp="2022-12-27T15:35:49 BDT" skipped="0">
  <testcase classname="com.bd.project1.WaitSelenium" name="seleniumWait" time="17.512"/>
  <system-out/>
</testsuite> <!-- com.bd.project1.WaitSelenium -->
