<?xml version="1.0" encoding="UTF-8"?>
<!-- Generated by org.testng.reporters.JUnitReportReporter -->
<testsuite hostname="DESKTOP-7MUP6DN" failures="0" tests="1" name="com.bd.project1.IFrame" time="7.661" errors="0" timestamp="2022-12-29T10:35:13 BDT" skipped="0">
  <testcase classname="com.bd.project1.IFrame" name="startUrl" time="7.661"/>
  <system-out/>
</testsuite> <!-- com.bd.project1.IFrame -->
