<?xml version="1.0" encoding="UTF-8"?>
<!-- Generated by org.testng.reporters.JUnitReportReporter -->
<testsuite hostname="DESKTOP-7MUP6DN" failures="0" tests="2" name="com.bd.project1.NavigateExample" time="29.221" errors="0" timestamp="2022-12-13T15:35:00 BDT" skipped="0">
  <testcase classname="com.bd.project1.NavigateExample" name="urlStart" time="8.716"/>
  <system-out/>
  <testcase classname="com.bd.project1.NavigateExample" name="navigate" time="20.505"/>
  <system-out/>
</testsuite> <!-- com.bd.project1.NavigateExample -->
